alarm_proto/build/intermediates/manifest_merge_blame_file/debug/manifest-merger-blame-debug-report.txt
1<?xml version="1.0" encoding="utf-8"?>
2<manifest xmlns:android="http://schemas.android.com/apk/res/android"
3    package="com.example.alarm_proto"
4    android:versionCode="1"
5    android:versionName="1.0" >
6
7    <uses-sdk
8        android:minSdkVersion="16"
8-->src\main\AndroidManifest.xml
9        android:targetSdkVersion="26" />
9-->src\main\AndroidManifest.xml
10
11    <uses-permission android:name="android.permission.FOREGROUND_SERVICE" />
11-->src\main\AndroidManifest.xml:5:5-77
11-->src\main\AndroidManifest.xml:5:22-74
12    <uses-permission android:name="android.permission.INTERNET" />
12-->src\main\AndroidManifest.xml:6:5-67
12-->src\main\AndroidManifest.xml:6:22-64
13    <uses-permission android:name="android.permission.ACCESS_FINE_LOCATION" />
13-->src\main\AndroidManifest.xml:7:5-79
13-->src\main\AndroidManifest.xml:7:22-76
14    <uses-permission android:name="android.permission.ACCESS_COARSE_LOCATION" />
14-->src\main\AndroidManifest.xml:8:5-80
14-->src\main\AndroidManifest.xml:8:22-78
15    <uses-permission android:name="android.permission.READ_EXTERNAL_STORAGE" />
15-->src\main\AndroidManifest.xml:9:5-80
15-->src\main\AndroidManifest.xml:9:22-77
16    <uses-permission android:name="android.permission.WRITE_EXTERNAL_STORAGE" />
16-->src\main\AndroidManifest.xml:10:5-81
16-->src\main\AndroidManifest.xml:10:22-78
17
18    <application
18-->src\main\AndroidManifest.xml:13:5-45:19
19        android:allowBackup="true"
19-->src\main\AndroidManifest.xml:14:9-35
20        android:debuggable="true"
21        android:icon="@mipmap/ic_launcher"
21-->src\main\AndroidManifest.xml:15:9-43
22        android:label="@string/app_name"
22-->src\main\AndroidManifest.xml:16:9-41
23        android:networkSecurityConfig="@xml/network_security_config"
23-->src\main\AndroidManifest.xml:20:9-69
24        android:roundIcon="@mipmap/ic_launcher_round"
24-->src\main\AndroidManifest.xml:17:9-54
25        android:supportsRtl="true"
25-->src\main\AndroidManifest.xml:18:9-35
26        android:theme="@style/AppTheme"
26-->src\main\AndroidManifest.xml:21:9-40
27        android:usesCleartextTraffic="true" >
27-->src\main\AndroidManifest.xml:19:9-44
28        <meta-data
28-->src\main\AndroidManifest.xml:22:9-24:64
29            android:name="com.kakao.sdk.AppKey"
29-->src\main\AndroidManifest.xml:23:13-48
30            android:value="cd858a4418d7273af074aa26ca8f5b7a" />
30-->src\main\AndroidManifest.xml:24:13-61
31
32        <activity android:name="com.example.alarm_proto.AlarmClosed" />
32-->src\main\AndroidManifest.xml:25:9-49
32-->src\main\AndroidManifest.xml:25:19-46
33
34        <receiver android:name="com.example.alarm_proto.Alarm_Receiver" />
34-->src\main\AndroidManifest.xml:26:9-52
34-->src\main\AndroidManifest.xml:26:19-49
35
36        <activity android:name="com.example.alarm_proto.DestinationSearch" />
36-->src\main\AndroidManifest.xml:27:9-55
36-->src\main\AndroidManifest.xml:27:19-52
37        <activity android:name="com.example.alarm_proto.AddDestination" />
37-->src\main\AndroidManifest.xml:28:9-52
37-->src\main\AndroidManifest.xml:28:19-49
38        <activity android:name="com.example.alarm_proto.RouteSelect" />
38-->src\main\AndroidManifest.xml:29:9-49
38-->src\main\AndroidManifest.xml:29:19-46
39        <activity android:name="com.example.alarm_proto.RouteConfig" />
39-->src\main\AndroidManifest.xml:30:9-49
39-->src\main\AndroidManifest.xml:30:19-46
40        <activity android:name="com.example.alarm_proto.AlarmManagement" />
40-->src\main\AndroidManifest.xml:31:9-53
40-->src\main\AndroidManifest.xml:31:19-50
41        <activity android:name="com.example.alarm_proto.AlarmConfig" />
41-->src\main\AndroidManifest.xml:32:9-49
41-->src\main\AndroidManifest.xml:32:19-46
42        <activity android:name="com.example.alarm_proto.UserSetting" />
42-->src\main\AndroidManifest.xml:33:9-49
42-->src\main\AndroidManifest.xml:33:19-46
43        <activity android:name="com.example.alarm_proto.DestinationFinish" />
43-->src\main\AndroidManifest.xml:34:9-55
43-->src\main\AndroidManifest.xml:34:19-52
44        <activity android:name="com.example.alarm_proto.MainActivity" >
44-->src\main\AndroidManifest.xml:35:9-40:20
44-->src\main\AndroidManifest.xml:35:19-47
45            <intent-filter>
45-->src\main\AndroidManifest.xml:36:13-39:29
46                <action android:name="android.intent.action.MAIN" />
46-->src\main\AndroidManifest.xml:37:17-69
46-->src\main\AndroidManifest.xml:37:25-66
47
48                <category android:name="android.intent.category.LAUNCHER" />
48-->src\main\AndroidManifest.xml:38:17-77
48-->src\main\AndroidManifest.xml:38:27-74
49            </intent-filter>
50        </activity>
51
52        <service
52-->src\main\AndroidManifest.xml:42:9-44:38
53            android:name="com.example.alarm_proto.RingtonePlayingService"
53-->src\main\AndroidManifest.xml:43:13-51
54            android:enabled="true" />
54-->src\main\AndroidManifest.xml:44:13-35
55
56        <meta-data
56-->[com.android.support:appcompat-v7:26.1.0] AndroidManifest.xml:26:9-28:38
57            android:name="android.support.VERSION"
57-->[com.android.support:appcompat-v7:26.1.0] AndroidManifest.xml:27:13-51
58            android:value="26.1.0" />
58-->[com.android.support:appcompat-v7:26.1.0] AndroidManifest.xml:28:13-35
59        <meta-data
59-->[android.arch.lifecycle:runtime:1.0.0] AndroidManifest.xml:25:9-27:47
60            android:name="android.arch.lifecycle.VERSION"
60-->[android.arch.lifecycle:runtime:1.0.0] AndroidManifest.xml:26:13-58
61            android:value="27.0.0-SNAPSHOT" />
61-->[android.arch.lifecycle:runtime:1.0.0] AndroidManifest.xml:27:13-44
62    </application>
63
64</manifest>